0 info it worked if it ends with ok
1 verbose cli [ 'C:\\Program Files\\nodejs\\node.exe',
1 verbose cli   'C:\\Users\\mrls\\AppData\\Roaming\\npm\\node_modules\\npm\\bin\\npm-cli.js',
1 verbose cli   'publish' ]
2 info using npm@3.10.5
3 info using node@v6.6.0
4 verbose publish [ '.' ]
5 silly cache add args [ '.', null ]
6 verbose cache add spec .
7 silly cache add parsed spec Result {
7 silly cache add   raw: '.',
7 silly cache add   scope: null,
7 silly cache add   escapedName: null,
7 silly cache add   name: null,
7 silly cache add   rawSpec: '.',
7 silly cache add   spec: 'D:\\repo\\stray-bird',
7 silly cache add   type: 'directory' }
8 verbose addLocalDirectory C:\Users\mrls\AppData\Roaming\npm-cache\stray-bird\1.0.1\package.tgz not in flight; packing
9 verbose correctMkdir C:\Users\mrls\AppData\Roaming\npm-cache correctMkdir not in flight; initializing
10 info lifecycle stray-bird@1.0.1~prepublish: stray-bird@1.0.1
11 silly lifecycle stray-bird@1.0.1~prepublish: no script for prepublish, continuing
12 verbose tar pack [ 'C:\\Users\\mrls\\AppData\\Roaming\\npm-cache\\stray-bird\\1.0.1\\package.tgz',
12 verbose tar pack   'D:\\repo\\stray-bird' ]
13 verbose tarball C:\Users\mrls\AppData\Roaming\npm-cache\stray-bird\1.0.1\package.tgz
14 verbose folder D:\repo\stray-bird
15 verbose addLocalTarball adding from inside cache C:\Users\mrls\AppData\Roaming\npm-cache\stray-bird\1.0.1\package.tgz
16 verbose correctMkdir C:\Users\mrls\AppData\Roaming\npm-cache correctMkdir not in flight; initializing
17 silly cache afterAdd stray-bird@1.0.1
18 verbose afterAdd C:\Users\mrls\AppData\Roaming\npm-cache\stray-bird\1.0.1\package\package.json not in flight; writing
19 verbose correctMkdir C:\Users\mrls\AppData\Roaming\npm-cache correctMkdir not in flight; initializing
20 verbose afterAdd C:\Users\mrls\AppData\Roaming\npm-cache\stray-bird\1.0.1\package\package.json written
21 silly publish { name: 'stray-bird',
21 silly publish   version: '1.0.1',
21 silly publish   description: 'show a random stray birt line ',
21 silly publish   main: 'index.js',
21 silly publish   bin: { 'stray-bird': 'index.js' },
21 silly publish   scripts: { test: 'echo "Error: no test specified" && exit 1' },
21 silly publish   keywords: [ 'stray', 'bird', 'poem' ],
21 silly publish   repository:
21 silly publish    { type: 'git',
21 silly publish      url: 'https://git.suntao.science/suntao/stray-bird.git' },
21 silly publish   author: { name: 'suntao tiger' },
21 silly publish   license: 'MIT',
21 silly publish   readme: '# 飞鸟集\r\n\r\nshow a chapter of the Stray Birds\r\n\r\n显示一条飞鸟集里面的诗句\r\n\r\n```\r\n> stray-bird\r\n\r\nStray Birds - Chapter 43                                                                                                                           \r\nRabindranath Tagore                                                                                                                                \r\n                                                                                                                                                   \r\n水里的游鱼是沉默的，陆地上的兽类是喧闹的，空中的飞鸟是歌唱着的。                                                                                   \r\n但是，人类却兼有海里的沉默，地上的喧闹与空中的音乐。                                                                                               \r\nThe fish in the water is silent, the animal on the earth is noisy, the bird in the air is singing.                                                 \r\nBut Man has in him the silence of the sea, the noise of the earth and the music of the air.        \r\n```',
21 silly publish   readmeFilename: 'README.md',
21 silly publish   gitHead: '65e4f2899676b3aaffcdfb541a3afe569b7c805a',
21 silly publish   _id: 'stray-bird@1.0.1',
21 silly publish   _shasum: '2e4196723289b625c57d8245ab768f125749b4b6',
21 silly publish   _from: '.' }
22 verbose getPublishConfig undefined
23 silly mapToRegistry name stray-bird
24 silly mapToRegistry using default registry
25 silly mapToRegistry registry https://registry.npmjs.org/
26 silly mapToRegistry data Result {
26 silly mapToRegistry   raw: 'stray-bird',
26 silly mapToRegistry   scope: null,
26 silly mapToRegistry   escapedName: 'stray-bird',
26 silly mapToRegistry   name: 'stray-bird',
26 silly mapToRegistry   rawSpec: '',
26 silly mapToRegistry   spec: 'latest',
26 silly mapToRegistry   type: 'tag' }
27 silly mapToRegistry uri https://registry.npmjs.org/stray-bird
28 verbose publish registryBase https://registry.npmjs.org/
29 silly publish uploading C:\Users\mrls\AppData\Roaming\npm-cache\stray-bird\1.0.1\package.tgz
30 verbose request uri https://registry.npmjs.org/stray-bird
31 verbose request sending authorization for write operation
32 info attempt registry request try #1 at 22:52:17
33 verbose request using bearer token for auth
34 verbose request id c8588b3f4b2eb402
35 http request PUT https://registry.npmjs.org/stray-bird
36 http 403 https://registry.npmjs.org/stray-bird
37 verbose headers { 'content-type': 'application/json',
37 verbose headers   'cache-control': 'max-age=300',
37 verbose headers   'content-length': '95',
37 verbose headers   'accept-ranges': 'bytes',
37 verbose headers   date: 'Tue, 11 Oct 2016 14:52:15 GMT',
37 verbose headers   via: '1.1 varnish',
37 verbose headers   connection: 'keep-alive',
37 verbose headers   'x-served-by': 'cache-lax8644-LAX',
37 verbose headers   'x-cache': 'MISS',
37 verbose headers   'x-cache-hits': '0',
37 verbose headers   'x-timer': 'S1476197534.153621,VS0,VE1076',
37 verbose headers   vary: 'Accept-Encoding' }
38 verbose request invalidating C:\Users\mrls\AppData\Roaming\npm-cache\registry.npmjs.org\stray-bird on PUT
39 error publish Failed PUT 403
40 verbose stack Error: "You cannot publish over the previously published version 1.0.1." : stray-bird
40 verbose stack     at makeError (C:\Users\mrls\AppData\Roaming\npm\node_modules\npm\node_modules\npm-registry-client\lib\request.js:264:12)
40 verbose stack     at CachingRegistryClient.<anonymous> (C:\Users\mrls\AppData\Roaming\npm\node_modules\npm\node_modules\npm-registry-client\lib\request.js:252:14)
40 verbose stack     at Request._callback (C:\Users\mrls\AppData\Roaming\npm\node_modules\npm\node_modules\npm-registry-client\lib\request.js:172:14)
40 verbose stack     at Request.self.callback (C:\Users\mrls\AppData\Roaming\npm\node_modules\npm\node_modules\request\request.js:200:22)
40 verbose stack     at emitTwo (events.js:106:13)
40 verbose stack     at Request.emit (events.js:191:7)
40 verbose stack     at Request.<anonymous> (C:\Users\mrls\AppData\Roaming\npm\node_modules\npm\node_modules\request\request.js:1067:10)
40 verbose stack     at emitOne (events.js:101:20)
40 verbose stack     at Request.emit (events.js:188:7)
40 verbose stack     at IncomingMessage.<anonymous> (C:\Users\mrls\AppData\Roaming\npm\node_modules\npm\node_modules\request\request.js:988:12)
41 verbose statusCode 403
42 verbose pkgid stray-bird
43 verbose cwd D:\repo\stray-bird
44 error Windows_NT 10.0.14393
45 error argv "C:\\Program Files\\nodejs\\node.exe" "C:\\Users\\mrls\\AppData\\Roaming\\npm\\node_modules\\npm\\bin\\npm-cli.js" "publish"
46 error node v6.6.0
47 error npm  v3.10.5
48 error code E403
49 error "You cannot publish over the previously published version 1.0.1." : stray-bird
50 error If you need help, you may report this error at:
50 error     <https://github.com/npm/npm/issues>
51 verbose exit [ 1, true ]
